#
# There is insufficient memory for the Java Runtime Environment to continue.
# Native memory allocation (malloc) failed to allocate 196656 bytes for Chunk::new
# Possible reasons:
#   The system is out of physical RAM or swap space
#   The process is running with CompressedOops enabled, and the Java Heap may be blocking the growth of the native heap
# Possible solutions:
#   Reduce memory load on the system
#   Increase physical memory or swap space
#   Check if swap backing store is full
#   Decrease Java heap size (-Xmx/-Xms)
#   Decrease number of Java threads
#   Decrease Java thread stack sizes (-Xss)
#   Set larger code cache with -XX:ReservedCodeCacheSize=
#   JVM is running with Zero Based Compressed Oops mode in which the Java heap is
#     placed in the first 32GB address space. The Java Heap base address is the
#     maximum limit for the native heap growth. Please use -XX:HeapBaseMinAddress
#     to set the Java Heap base and to place the Java Heap above 32GB virtual address.
# This output file may be truncated or incomplete.
#
#  Out of Memory Error (allocation.cpp:389), pid=6388, tid=0x00000000000025c4
#
# JRE version: OpenJDK Runtime Environment (8.0_202-b03) (build 1.8.0_202-release-1483-b03)
# Java VM: OpenJDK 64-Bit Server VM (25.202-b03 mixed mode windows-amd64 compressed oops)
# Failed to write core dump. Minidumps are not enabled by default on client versions of Windows
#

---------------  T H R E A D  ---------------

Current thread (0x000000001e203000):  JavaThread "C2 CompilerThread1" daemon [_thread_in_native, id=9668, stack(0x000000001ff70000,0x0000000020070000)]

Stack: [0x000000001ff70000,0x0000000020070000]
[error occurred during error reporting (printing stack bounds), id 0xc0000005]

Native frames: (J=compiled Java code, j=interpreted, Vv=VM code, C=native code)


Current CompileTask:
C2:   3196 4792       4       org.jetbrains.org.objectweb.asm.ClassReader::readElementValue (1237 bytes)


---------------  P R O C E S S  ---------------

Java Threads: ( => current thread )
  0x000000001e2f0800 JavaThread "Service Thread" daemon [_thread_blocked, id=17672, stack(0x0000000020a70000,0x0000000020b70000)]
  0x000000001e227000 JavaThread "C1 CompilerThread11" daemon [_thread_blocked, id=11824, stack(0x0000000020970000,0x0000000020a70000)]
  0x000000001e22a800 JavaThread "C1 CompilerThread10" daemon [_thread_blocked, id=15672, stack(0x0000000020870000,0x0000000020970000)]
  0x000000001e22a000 JavaThread "C1 CompilerThread9" daemon [_thread_blocked, id=12300, stack(0x0000000020770000,0x0000000020870000)]
  0x000000001e229000 JavaThread "C1 CompilerThread8" daemon [_thread_blocked, id=15052, stack(0x0000000020670000,0x0000000020770000)]
  0x000000001e22d800 JavaThread "C2 CompilerThread7" daemon [_thread_blocked, id=15220, stack(0x0000000020570000,0x0000000020670000)]
  0x000000001e227800 JavaThread "C2 CompilerThread6" daemon [_thread_blocked, id=1956, stack(0x0000000020470000,0x0000000020570000)]
  0x000000001e22d000 JavaThread "C2 CompilerThread5" daemon [_thread_in_native, id=680, stack(0x0000000020370000,0x0000000020470000)]
  0x000000001e21a000 JavaThread "C2 CompilerThread4" daemon [_thread_blocked, id=14276, stack(0x0000000020270000,0x0000000020370000)]
  0x000000001e207000 JavaThread "C2 CompilerThread3" daemon [_thread_blocked, id=2992, stack(0x0000000020170000,0x0000000020270000)]
  0x000000001e203800 JavaThread "C2 CompilerThread2" daemon [_thread_blocked, id=11820, stack(0x0000000020070000,0x0000000020170000)]
=>0x000000001e203000 JavaThread "C2 CompilerThread1" daemon [_thread_in_native, id=9668, stack(0x000000001ff70000,0x0000000020070000)]
  0x000000001e200800 JavaThread "C2 CompilerThread0" daemon [_thread_blocked, id=1384, stack(0x000000001fe70000,0x000000001ff70000)]
  0x000000001e1ff800 JavaThread "Attach Listener" daemon [_thread_blocked, id=12956, stack(0x000000001fd70000,0x000000001fe70000)]
  0x000000001e1fb000 JavaThread "Signal Dispatcher" daemon [_thread_blocked, id=9568, stack(0x000000001fc70000,0x000000001fd70000)]
  0x000000001c778800 JavaThread "Finalizer" daemon [_thread_blocked, id=14040, stack(0x000000001fa50000,0x000000001fb50000)]
  0x000000001e1e6000 JavaThread "Reference Handler" daemon [_thread_blocked, id=12940, stack(0x000000001f950000,0x000000001fa50000)]
  0x0000000002685800 JavaThread "main" [_thread_in_Java, id=18868, stack(0x0000000002580000,0x0000000002680000)]

Other Threads:
  0x000000001e1c5000 VMThread [stack: 0x000000001f850000,0x000000001f950000] [id=2532]
  0x000000001e2f1800 WatcherThread [stack: 0x0000000020b70000,0x0000000020c70000] [id=9280]

VM state:not at safepoint (normal execution)

VM Mutex/Monitor currently owned by a thread: None

heap address: 0x00000006c0e00000, size: 4082 MB, Compressed Oops mode: Zero based, Oop shift amount: 3
Narrow klass base: 0x0000000000000000, Narrow klass shift: 3
Compressed class space size: 1073741824 Address: 0x00000007c0000000

Heap:
 PSYoungGen      total 76288K, used 35308K [0x000000076af80000, 0x0000000770480000, 0x00000007c0000000)
  eden space 65536K, 37% used [0x000000076af80000,0x000000076c77ed90,0x000000076ef80000)
  from space 10752K, 99% used [0x000000076ef80000,0x000000076f9fc590,0x000000076fa00000)
  to   space 10752K, 0% used [0x000000076fa00000,0x000000076fa00000,0x0000000770480000)
 ParOldGen       total 112640K, used 23237K [0x00000006c0e00000, 0x00000006c7c00000, 0x000000076af80000)
  object space 112640K, 20% used [0x00000006c0e00000,0x00000006c24b1478,0x00000006c7c00000)
 Metaspace       used 40030K, capacity 40703K, committed 40920K, reserved 1085440K
  class space    used 5077K, capacity 5252K, committed 5376K, reserved 1048576K

Card table byte_map: [0x0000000011b40000,0x0000000012340000] byte_map_base: 0x000000000e539000

Marking Bits: (ParMarkBitMap*) 0x000000005f8d9f30
 Begin Bits: [0x00000000135a0000, 0x0000000017568000)
 End Bits:   [0x0000000017568000, 0x000000001b530000)

Polling page: 0x0000000000bb0000

CodeCache: size=245760Kb used=17755Kb max_used=17755Kb free=228004Kb
 bounds [0x0000000002780000, 0x00000000038f0000, 0x0000000011780000]
 total_blobs=5312 nmethods=4865 adapters=358
 compilation: enabled

Compilation events (10 events):
Event: 3.166 Thread 0x000000001e22a800 nmethod 4860 0x00000000038cff90 code [0x00000000038d00e0, 0x00000000038d01d0]
Event: 3.166 Thread 0x000000001e227000 nmethod 4861 0x00000000038d0250 code [0x00000000038d03a0, 0x00000000038d0570]
Event: 3.167 Thread 0x000000001e229000 nmethod 4859 0x00000000038c6dd0 code [0x00000000038c6f60, 0x00000000038c7428]
Event: 3.167 Thread 0x000000001e203800 nmethod 4786 0x00000000038d0610 code [0x00000000038d0be0, 0x00000000038d3388]
Event: 3.180 Thread 0x000000001e22a000 4862 %     3       org.jetbrains.kotlin.com.intellij.openapi.vfs.CharsetToolkit::guessFromContent @ 22 (489 bytes)
Event: 3.182 Thread 0x000000001e22a000 nmethod 4862% 0x00000000038c43d0 code [0x00000000038c46c0, 0x00000000038c6490]
Event: 3.182 Thread 0x000000001e22a800 4863       3       org.jetbrains.kotlin.com.intellij.openapi.vfs.CharsetToolkit::guessFromContent (489 bytes)
Event: 3.184 Thread 0x000000001e22a800 nmethod 4863 0x00000000038d6990 code [0x00000000038d6c80, 0x00000000038d8990]
Event: 3.184 Thread 0x000000001e21a000 4864 %     4       org.jetbrains.kotlin.com.intellij.openapi.vfs.CharsetToolkit::guessFromContent @ 22 (489 bytes)
Event: 3.189 Thread 0x000000001e21a000 nmethod 4864% 0x00000000038dc490 code [0x00000000038dc5e0, 0x00000000038dcbd8]

GC Heap History (10 events):
Event: 1.151 GC heap before
{Heap before GC invocations=3 (full 1):
 PSYoungGen      total 76288K, used 8928K [0x000000076af80000, 0x0000000770480000, 0x00000007c0000000)
  eden space 65536K, 0% used [0x000000076af80000,0x000000076af80000,0x000000076ef80000)
  from space 10752K, 83% used [0x000000076fa00000,0x00000007702b8118,0x0000000770480000)
  to   space 10752K, 0% used [0x000000076ef80000,0x000000076ef80000,0x000000076fa00000)
 ParOldGen       total 175104K, used 4012K [0x00000006c0e00000, 0x00000006cb900000, 0x000000076af80000)
  object space 175104K, 2% used [0x00000006c0e00000,0x00000006c11eb370,0x00000006cb900000)
 Metaspace       used 20750K, capacity 21080K, committed 21248K, reserved 1067008K
  class space    used 2685K, capacity 2798K, committed 2816K, reserved 1048576K
Event: 1.174 GC heap after
Heap after GC invocations=3 (full 1):
 PSYoungGen      total 76288K, used 0K [0x000000076af80000, 0x0000000770480000, 0x00000007c0000000)
  eden space 65536K, 0% used [0x000000076af80000,0x000000076af80000,0x000000076ef80000)
  from space 10752K, 0% used [0x000000076fa00000,0x000000076fa00000,0x0000000770480000)
  to   space 10752K, 0% used [0x000000076ef80000,0x000000076ef80000,0x000000076fa00000)
 ParOldGen       total 112640K, used 8975K [0x00000006c0e00000, 0x00000006c7c00000, 0x000000076af80000)
  object space 112640K, 7% used [0x00000006c0e00000,0x00000006c16c3c88,0x00000006c7c00000)
 Metaspace       used 20750K, capacity 21080K, committed 21248K, reserved 1067008K
  class space    used 2685K, capacity 2798K, committed 2816K, reserved 1048576K
}
Event: 1.847 GC heap before
{Heap before GC invocations=4 (full 1):
 PSYoungGen      total 76288K, used 65536K [0x000000076af80000, 0x0000000770480000, 0x00000007c0000000)
  eden space 65536K, 100% used [0x000000076af80000,0x000000076ef80000,0x000000076ef80000)
  from space 10752K, 0% used [0x000000076fa00000,0x000000076fa00000,0x0000000770480000)
  to   space 10752K, 0% used [0x000000076ef80000,0x000000076ef80000,0x000000076fa00000)
 ParOldGen       total 112640K, used 8975K [0x00000006c0e00000, 0x00000006c7c00000, 0x000000076af80000)
  object space 112640K, 7% used [0x00000006c0e00000,0x00000006c16c3c88,0x00000006c7c00000)
 Metaspace       used 28844K, capacity 29300K, committed 29440K, reserved 1075200K
  class space    used 3706K, capacity 3838K, committed 3840K, reserved 1048576K
Event: 1.857 GC heap after
Heap after GC invocations=4 (full 1):
 PSYoungGen      total 76288K, used 10728K [0x000000076af80000, 0x0000000770480000, 0x00000007c0000000)
  eden space 65536K, 0% used [0x000000076af80000,0x000000076af80000,0x000000076ef80000)
  from space 10752K, 99% used [0x000000076ef80000,0x000000076f9fa080,0x000000076fa00000)
  to   space 10752K, 0% used [0x000000076fa00000,0x000000076fa00000,0x0000000770480000)
 ParOldGen       total 112640K, used 14512K [0x00000006c0e00000, 0x00000006c7c00000, 0x000000076af80000)
  object space 112640K, 12% used [0x00000006c0e00000,0x00000006c1c2c0b0,0x00000006c7c00000)
 Metaspace       used 28844K, capacity 29300K, committed 29440K, reserved 1075200K
  class space    used 3706K, capacity 3838K, committed 3840K, reserved 1048576K
}
Event: 2.284 GC heap before
{Heap before GC invocations=5 (full 1):
 PSYoungGen      total 76288K, used 44576K [0x000000076af80000, 0x0000000770480000, 0x00000007c0000000)
  eden space 65536K, 51% used [0x000000076af80000,0x000000076d08e2e0,0x000000076ef80000)
  from space 10752K, 99% used [0x000000076ef80000,0x000000076f9fa080,0x000000076fa00000)
  to   space 10752K, 0% used [0x000000076fa00000,0x000000076fa00000,0x0000000770480000)
 ParOldGen       total 112640K, used 14512K [0x00000006c0e00000, 0x00000006c7c00000, 0x000000076af80000)
  object space 112640K, 12% used [0x00000006c0e00000,0x00000006c1c2c0b0,0x00000006c7c00000)
 Metaspace       used 34625K, capacity 35215K, committed 35416K, reserved 1079296K
  class space    used 4493K, capacity 4664K, committed 4736K, reserved 1048576K
Event: 2.292 GC heap after
Heap after GC invocations=5 (full 1):
 PSYoungGen      total 76288K, used 10748K [0x000000076af80000, 0x0000000770480000, 0x00000007c0000000)
  eden space 65536K, 0% used [0x000000076af80000,0x000000076af80000,0x000000076ef80000)
  from space 10752K, 99% used [0x000000076fa00000,0x000000077047f0f8,0x0000000770480000)
  to   space 10752K, 0% used [0x000000076ef80000,0x000000076ef80000,0x000000076fa00000)
 ParOldGen       total 112640K, used 19437K [0x00000006c0e00000, 0x00000006c7c00000, 0x000000076af80000)
  object space 112640K, 17% used [0x00000006c0e00000,0x00000006c20fb750,0x00000006c7c00000)
 Metaspace       used 34625K, capacity 35215K, committed 35416K, reserved 1079296K
  class space    used 4493K, capacity 4664K, committed 4736K, reserved 1048576K
}
Event: 2.292 GC heap before
{Heap before GC invocations=6 (full 2):
 PSYoungGen      total 76288K, used 10748K [0x000000076af80000, 0x0000000770480000, 0x00000007c0000000)
  eden space 65536K, 0% used [0x000000076af80000,0x000000076af80000,0x000000076ef80000)
  from space 10752K, 99% used [0x000000076fa00000,0x000000077047f0f8,0x0000000770480000)
  to   space 10752K, 0% used [0x000000076ef80000,0x000000076ef80000,0x000000076fa00000)
 ParOldGen       total 112640K, used 19437K [0x00000006c0e00000, 0x00000006c7c00000, 0x000000076af80000)
  object space 112640K, 17% used [0x00000006c0e00000,0x00000006c20fb750,0x00000006c7c00000)
 Metaspace       used 34625K, capacity 35215K, committed 35416K, reserved 1079296K
  class space    used 4493K, capacity 4664K, committed 4736K, reserved 1048576K
Event: 2.329 GC heap after
Heap after GC invocations=6 (full 2):
 PSYoungGen      total 76288K, used 0K [0x000000076af80000, 0x0000000770480000, 0x00000007c0000000)
  eden space 65536K, 0% used [0x000000076af80000,0x000000076af80000,0x000000076ef80000)
  from space 10752K, 0% used [0x000000076fa00000,0x000000076fa00000,0x0000000770480000)
  to   space 10752K, 0% used [0x000000076ef80000,0x000000076ef80000,0x000000076fa00000)
 ParOldGen       total 112640K, used 21158K [0x00000006c0e00000, 0x00000006c7c00000, 0x000000076af80000)
  object space 112640K, 18% used [0x00000006c0e00000,0x00000006c22a9860,0x00000006c7c00000)
 Metaspace       used 34625K, capacity 35215K, committed 35416K, reserved 1079296K
  class space    used 4493K, capacity 4664K, committed 4736K, reserved 1048576K
}
Event: 2.968 GC heap before
{Heap before GC invocations=7 (full 2):
 PSYoungGen      total 76288K, used 65536K [0x000000076af80000, 0x0000000770480000, 0x00000007c0000000)
  eden space 65536K, 100% used [0x000000076af80000,0x000000076ef80000,0x000000076ef80000)
  from space 10752K, 0% used [0x000000076fa00000,0x000000076fa00000,0x0000000770480000)
  to   space 10752K, 0% used [0x000000076ef80000,0x000000076ef80000,0x000000076fa00000)
 ParOldGen       total 112640K, used 21158K [0x00000006c0e00000, 0x00000006c7c00000, 0x000000076af80000)
  object space 112640K, 18% used [0x00000006c0e00000,0x00000006c22a9860,0x00000006c7c00000)
 Metaspace       used 38067K, capacity 38749K, committed 39000K, reserved 1083392K
  class space    used 4815K, capacity 4979K, committed 4992K, reserved 1048576K
Event: 2.974 GC heap after
Heap after GC invocations=7 (full 2):
 PSYoungGen      total 76288K, used 10737K [0x000000076af80000, 0x0000000770480000, 0x00000007c0000000)
  eden space 65536K, 0% used [0x000000076af80000,0x000000076af80000,0x000000076ef80000)
  from space 10752K, 99% used [0x000000076ef80000,0x000000076f9fc590,0x000000076fa00000)
  to   space 10752K, 0% used [0x000000076fa00000,0x000000076fa00000,0x0000000770480000)
 ParOldGen       total 112640K, used 23237K [0x00000006c0e00000, 0x00000006c7c00000, 0x000000076af80000)
  object space 112640K, 20% used [0x00000006c0e00000,0x00000006c24b1478,0x00000006c7c00000)
 Metaspace       used 38067K, capacity 38749K, committed 39000K, reserved 1083392K
  class space    used 4815K, capacity 4979K, committed 4992K, reserved 1048576K
}

Deoptimization events (10 events):
Event: 3.020 Thread 0x0000000002685800 Uncommon trap: reason=class_check action=maybe_recompile pc=0x00000000037b4628 method=org.jetbrains.kotlin.load.java.lazy.descriptors.LazyJavaScope.getFunctionNamesLazy()Ljava/util/Set; @ 13
Event: 3.020 Thread 0x0000000002685800 Uncommon trap: reason=class_check action=maybe_recompile pc=0x00000000037b4628 method=org.jetbrains.kotlin.load.java.lazy.descriptors.LazyJavaScope.getFunctionNamesLazy()Ljava/util/Set; @ 13
Event: 3.058 Thread 0x0000000002685800 Uncommon trap: reason=unstable_if action=reinterpret pc=0x00000000031841c4 method=kotlin.jvm.internal.Intrinsics.areEqual(Ljava/lang/Object;Ljava/lang/Object;)Z @ 5
Event: 3.110 Thread 0x0000000002685800 Uncommon trap: reason=unstable_if action=reinterpret pc=0x000000000330116c method=gnu.trove.TObjectHash.insertionIndex(Ljava/lang/Object;)I @ 182
Event: 3.128 Thread 0x0000000002685800 Uncommon trap: reason=unstable_if action=reinterpret pc=0x0000000002ffb72c method=org.jetbrains.kotlin.protobuf.CodedInputStream.readRawVarint32()I @ 69
Event: 3.129 Thread 0x0000000002685800 Uncommon trap: reason=unstable_if action=reinterpret pc=0x00000000031075c8 method=org.jetbrains.kotlin.protobuf.CodedOutputStream.computeRawVarint32Size(I)I @ 14
Event: 3.158 Thread 0x0000000002685800 Uncommon trap: reason=class_check action=maybe_recompile pc=0x00000000034d963c method=org.jetbrains.kotlin.name.FqNameUnsafe.equals(Ljava/lang/Object;)Z @ 8
Event: 3.158 Thread 0x0000000002685800 Uncommon trap: reason=class_check action=maybe_recompile pc=0x00000000034d963c method=org.jetbrains.kotlin.name.FqNameUnsafe.equals(Ljava/lang/Object;)Z @ 8
Event: 3.165 Thread 0x0000000002685800 Uncommon trap: reason=class_check action=maybe_recompile pc=0x00000000034d963c method=org.jetbrains.kotlin.name.FqNameUnsafe.equals(Ljava/lang/Object;)Z @ 8
Event: 3.165 Thread 0x0000000002685800 Uncommon trap: reason=class_check action=maybe_recompile pc=0x00000000034d963c method=org.jetbrains.kotlin.name.FqNameUnsafe.equals(Ljava/lang/Object;)Z @ 8

Classes redefined (0 events):
No events

Internal exceptions (10 events):
Event: 0.776 Thread 0x0000000002685800 Implicit null exception at 0x0000000002d972bb to 0x0000000002d97959
Event: 0.902 Thread 0x0000000002685800 Exception <a 'java/lang/NoSuchMethodError': java.lang.Object.lambda$comparing$77a9974f$1(Ljava/util/function/Function;Ljava/lang/Object;Ljava/lang/Object;)I> (0x000000076ee5d4c0) thrown at [D:\src\AOSP-openjdk-cygwin\jdk8u\hotspot\src\share\vm\interpreter
Event: 0.993 Thread 0x0000000002685800 Exception <a 'java/lang/ArrayIndexOutOfBoundsException': 67> (0x000000076b5cc560) thrown at [D:\src\AOSP-openjdk-cygwin\jdk8u\hotspot\src\share\vm\interpreter\interpreterRuntime.cpp, line 368]
Event: 1.117 Thread 0x0000000002685800 Exception <a 'java/lang/NoSuchMethodError': java.lang.Object.lambda$static$0(I)[Lorg/jetbrains/kotlin/com/intellij/openapi/editor/event/DocumentListener;> (0x000000076c093298) thrown at [D:\src\AOSP-openjdk-cygwin\jdk8u\hotspot\src\share\vm\interpreter\li
Event: 1.135 Thread 0x0000000002685800 Exception <a 'java/lang/NoSuchMethodError': java.lang.Object.lambda$static$0(I)[Lorg/jetbrains/kotlin/com/intellij/psi/PsiAnnotation;> (0x000000076c258fa0) thrown at [D:\src\AOSP-openjdk-cygwin\jdk8u\hotspot\src\share\vm\interpreter\linkResolver.cpp, line
Event: 1.214 Thread 0x0000000002685800 Exception <a 'java/lang/NoSuchMethodError': java.lang.Object.lambda$static$0(I)[Lorg/jetbrains/kotlin/com/intellij/psi/PsiElement;> (0x000000076b34a598) thrown at [D:\src\AOSP-openjdk-cygwin\jdk8u\hotspot\src\share\vm\interpreter\linkResolver.cpp, line 62
Event: 2.119 Thread 0x0000000002685800 Exception <a 'java/lang/NoSuchMethodError': java.lang.Object.lambda$static$0(I)[Lorg/jetbrains/kotlin/psi/KtExpression;> (0x000000076c2b5640) thrown at [D:\src\AOSP-openjdk-cygwin\jdk8u\hotspot\src\share\vm\interpreter\linkResolver.cpp, line 620]
Event: 2.156 Thread 0x0000000002685800 Exception <a 'java/lang/NoSuchMethodError': java.lang.Object.lambda$static$0(I)[Lorg/jetbrains/kotlin/psi/KtDeclaration;> (0x000000076c56ed68) thrown at [D:\src\AOSP-openjdk-cygwin\jdk8u\hotspot\src\share\vm\interpreter\linkResolver.cpp, line 620]
Event: 2.175 Thread 0x0000000002685800 Exception <a 'java/lang/NoSuchMethodError': java.lang.Object.lambda$static$0(I)[Lorg/jetbrains/kotlin/psi/KtTypeElement;> (0x000000076c6ad0c8) thrown at [D:\src\AOSP-openjdk-cygwin\jdk8u\hotspot\src\share\vm\interpreter\linkResolver.cpp, line 620]
Event: 2.417 Thread 0x0000000002685800 Exception <a 'java/lang/NoSuchMethodError': java.lang.Object.lambda$static$0(I)[Lorg/jetbrains/kotlin/com/intellij/psi/PsiClass;> (0x000000076b67cce8) thrown at [D:\src\AOSP-openjdk-cygwin\jdk8u\hotspot\src\share\vm\interpreter\linkResolver.cpp, line 620]

Events (10 events):
Event: 3.170 loading class org/jetbrains/kotlin/com/intellij/psi/impl/source/PsiJavaFileBaseImpl
Event: 3.170 loading class org/jetbrains/kotlin/com/intellij/psi/impl/source/PsiJavaFileBaseImpl done
Event: 3.170 loading class org/jetbrains/kotlin/com/intellij/psi/impl/source/PsiJavaFileBaseImpl
Event: 3.170 loading class org/jetbrains/kotlin/com/intellij/psi/impl/source/PsiJavaFileBaseImpl done
Event: 3.170 loading class org/jetbrains/kotlin/com/intellij/util/NotNullFunction
Event: 3.170 loading class org/jetbrains/kotlin/com/intellij/util/NotNullFunction done
Event: 3.171 loading class org/jetbrains/kotlin/com/intellij/psi/impl/source/PsiJavaFileBaseImpl$MyCacheBuilder
Event: 3.171 loading class org/jetbrains/kotlin/com/intellij/psi/impl/source/PsiJavaFileBaseImpl$MyCacheBuilder done
Event: 3.189 Thread 0x0000000002685800 DEOPT PACKING pc=0x00000000038c63b6 sp=0x000000000267a3e0
Event: 3.189 Thread 0x0000000002685800 DEOPT UNPACKING pc=0x00000000027c71d0 sp=0x000000000267a118 mode 0


Dynamic libraries:
0x00007ff6f69e0000 - 0x00007ff6f6a11000 	C:\Program Files\Android\Android Studio\jre\jre\bin\java.exe
0x00007ff9f2e50000 - 0x00007ff9f303d000 	C:\WINDOWS\SYSTEM32\ntdll.dll
0x00007ff9f20e0000 - 0x00007ff9f2193000 	C:\WINDOWS\System32\KERNEL32.DLL
0x00007ff9efc20000 - 0x00007ff9efeb3000 	C:\WINDOWS\System32\KERNELBASE.dll
0x00007ff9f15f0000 - 0x00007ff9f1693000 	C:\WINDOWS\System32\ADVAPI32.dll
0x00007ff9f2250000 - 0x00007ff9f22ee000 	C:\WINDOWS\System32\msvcrt.dll
0x00007ff9f2b90000 - 0x00007ff9f2c2e000 	C:\WINDOWS\System32\sechost.dll
0x00007ff9f2c30000 - 0x00007ff9f2d52000 	C:\WINDOWS\System32\RPCRT4.dll
0x00007ff9f17e0000 - 0x00007ff9f1977000 	C:\WINDOWS\System32\USER32.dll
0x00007ff9eefc0000 - 0x00007ff9eefe0000 	C:\WINDOWS\System32\win32u.dll
0x00007ff9f20b0000 - 0x00007ff9f20d9000 	C:\WINDOWS\System32\GDI32.dll
0x00007ff9ef9c0000 - 0x00007ff9efb59000 	C:\WINDOWS\System32\gdi32full.dll
0x00007ff9efb80000 - 0x00007ff9efc20000 	C:\WINDOWS\System32\msvcp_win.dll
0x00007ff9eff70000 - 0x00007ff9f006a000 	C:\WINDOWS\System32\ucrtbase.dll
0x00007ff9e3270000 - 0x00007ff9e34e9000 	C:\WINDOWS\WinSxS\amd64_microsoft.windows.common-controls_6595b64144ccf1df_6.0.17763.802_none_05b1445c0722d2cc\COMCTL32.dll
0x00007ff9f19f0000 - 0x00007ff9f1d1c000 	C:\WINDOWS\System32\combase.dll
0x00007ff9ef1f0000 - 0x00007ff9ef26e000 	C:\WINDOWS\System32\bcryptPrimitives.dll
0x00007ff9f2d60000 - 0x00007ff9f2d8e000 	C:\WINDOWS\System32\IMM32.DLL
0x0000000060e20000 - 0x0000000060ef2000 	C:\Program Files\Android\Android Studio\jre\jre\bin\msvcr100.dll
0x000000005f110000 - 0x000000005f956000 	C:\Program Files\Android\Android Studio\jre\jre\bin\server\jvm.dll
0x00007ff9f2d90000 - 0x00007ff9f2d98000 	C:\WINDOWS\System32\PSAPI.DLL
0x00007ff9e9080000 - 0x00007ff9e908a000 	C:\WINDOWS\SYSTEM32\VERSION.dll
0x00007ff9ecfd0000 - 0x00007ff9ecff4000 	C:\WINDOWS\SYSTEM32\WINMM.dll
0x00007ff9dcb10000 - 0x00007ff9dcb19000 	C:\WINDOWS\SYSTEM32\WSOCK32.dll
0x00007ff9f1770000 - 0x00007ff9f17dd000 	C:\WINDOWS\System32\WS2_32.dll
0x00007ff9ece80000 - 0x00007ff9ecead000 	C:\WINDOWS\SYSTEM32\WINMMBASE.dll
0x00007ff9efec0000 - 0x00007ff9eff0a000 	C:\WINDOWS\System32\cfgmgr32.dll
0x00007ff9eaf60000 - 0x00007ff9eaf6f000 	C:\Program Files\Android\Android Studio\jre\jre\bin\verify.dll
0x00007ff9e2850000 - 0x00007ff9e2879000 	C:\Program Files\Android\Android Studio\jre\jre\bin\java.dll
0x00007ff9e2830000 - 0x00007ff9e2846000 	C:\Program Files\Android\Android Studio\jre\jre\bin\zip.dll
0x00007ff9f0070000 - 0x00007ff9f1564000 	C:\WINDOWS\System32\SHELL32.dll
0x00007ff9f16a0000 - 0x00007ff9f1748000 	C:\WINDOWS\System32\shcore.dll
0x00007ff9ef270000 - 0x00007ff9ef9bd000 	C:\WINDOWS\System32\windows.storage.dll
0x00007ff9eee60000 - 0x00007ff9eee84000 	C:\WINDOWS\System32\profapi.dll
0x00007ff9eee90000 - 0x00007ff9eeeed000 	C:\WINDOWS\System32\powrprof.dll
0x00007ff9f22f0000 - 0x00007ff9f2342000 	C:\WINDOWS\System32\shlwapi.dll
0x00007ff9eeef0000 - 0x00007ff9eef01000 	C:\WINDOWS\System32\kernel.appcore.dll
0x00007ff9efb60000 - 0x00007ff9efb77000 	C:\WINDOWS\System32\cryptsp.dll
0x00007ff9df9d0000 - 0x00007ff9df9ea000 	C:\Program Files\Android\Android Studio\jre\jre\bin\net.dll
0x00007ff9ee6b0000 - 0x00007ff9ee717000 	C:\WINDOWS\system32\mswsock.dll
0x00007ff9df9b0000 - 0x00007ff9df9c1000 	C:\Program Files\Android\Android Studio\jre\jre\bin\nio.dll

VM Arguments:
java_command: org.jetbrains.kotlin.cli.jvm.K2JVMCompiler -Xadd-compiler-builtins -Xbuild-file=C:\Users\MARCOA~1\AppData\Local\Temp\kjps3312659383069768451app_debug.script.xml -classpath C:\Users\Marco Antonio\.gradle\caches\transforms-1\files-1.1\KotlinCommons-1.7.0.7.14.aar\7c122667f41dabb6825ce878f804fc2e\jars\classes.jar;C:\Users\Marco Antonio\.gradle\caches\modules-2\files-2.1\org.jetbrains.kotlin\kotlin-stdlib-jdk7\1.3.21\d207ce2c9bcf17dc8e51bab4dbfdac4d013e7138\kotlin-stdlib-jdk7-1.3.21.jar;C:\Users\Marco Antonio\.gradle\caches\transforms-1\files-1.1\design-27.1.0.aar\b2dc2af339290082677f5d8109ab034b\jars\classes.jar;C:\Users\Marco Antonio\.gradle\caches\transforms-1\files-1.1\mediarouter-v7-27.1.0.aar\b2fc941eddcade491e1b5c597efbb7b0\jars\classes.jar;C:\Users\Marco Antonio\.gradle\caches\transforms-1\files-1.1\appcompat-v7-27.1.0.aar\37f37d99a18f9cbb65f1a2ed931b753a\jars\classes.jar;C:\Users\Marco Antonio\.gradle\caches\transforms-1\files-1.1\recyclerview-v7-27.1.0.aar\65e512982df073f9a0238fa8535e008c\jars\classes.jar;C:\Users\Marco Antonio\.gradle\caches\transforms-1\files-1.1\cardview-v7-27.1.0.aar\68feb92d5a42ba0a79c58d57e3d283dd\jars\classes.jar;C:\Users\Marco Antonio\.gradle\caches\transforms-1\files-1.1\support-v13-27.1.0.aar\ef554024c2909ea642ad6d4850b5d328\jars\classes.jar;C:\Users\Marco Antonio\.gradle\caches\transforms-1\files-1.1\play-services-maps-15.0.1.aar\46c71c45f1488e62ae2b6dac2e792487\jars\classes.jar;C:\Users\Marco Antonio\.gradle\caches\transforms-1\files-1.1\play-services-location-15.0.1.aar\fbc2aa591d08220443027fd3af3e4183\jars\classes.jar;C:\Users\Marco Antonio\.gradle\caches\transforms-1\files-1.1\play-services-base-15.0.1.aar\d61849c4b58942a92a3b57f7590965b7\jars\classes.jar;C:\Users\Marco Antonio\.gradle\caches\transforms-1\files-1.1\play-services-places-placereport-15.0.1.aar\41c7c2fabe964af4a5ff3580b4da812f\jars\classes.jar;C:\Users\Marco Antonio\.gradle\caches\transforms-1\files-1.1\play-services-tasks-15.0.1.aar\66a4f4eac989bed
java_class_path (initial): C:\Users\Marco Antonio\.gradle\caches\modules-2\files-2.1\org.jetbrains.kotlin\kotlin-compiler-embeddable\1.3.21\677cc9553b8964c895abc76da9b6a0faea8f671d\kotlin-compiler-embeddable-1.3.21.jar;C:\Users\Marco Antonio\.gradle\caches\modules-2\files-2.1\org.jetbrains.kotlin\kotlin-reflect\1.3.21\d0d5ff2ac2ebd8a42697af41e20fc225a23c5d3b\kotlin-reflect-1.3.21.jar;C:\Users\Marco Antonio\.gradle\caches\modules-2\files-2.1\org.jetbrains.kotlin\kotlin-stdlib\1.3.21\4bcc2012b84840e19e1e28074284cac908be0295\kotlin-stdlib-1.3.21.jar;C:\Users\Marco Antonio\.gradle\caches\modules-2\files-2.1\org.jetbrains.kotlin\kotlin-script-runtime\1.3.21\29363d474ee6fda354900636320a177c7286def9\kotlin-script-runtime-1.3.21.jar;C:\Users\Marco Antonio\.gradle\caches\modules-2\files-2.1\org.jetbrains.intellij.deps\trove4j\1.0.20181211\216c2e14b070f334479d800987affe4054cd563f\trove4j-1.0.20181211.jar;C:\Users\Marco Antonio\.gradle\caches\modules-2\files-2.1\org.jetbrains.kotlin\kotlin-stdlib-common\1.3.21\f30e4a9897913e53d778f564110bafa1fef46643\kotlin-stdlib-common-1.3.21.jar;C:\Users\Marco Antonio\.gradle\caches\modules-2\files-2.1\org.jetbrains\annotations\13.0\919f0dfe192fb4e063e7dacadee7f8bb9a2672a9\annotations-13.0.jar;C:\Program Files\Android\Android Studio\jre\lib\tools.jar
Launcher Type: SUN_STANDARD

Environment Variables:
PATH=C:\WINDOWS\system32;C:\WINDOWS;C:\WINDOWS\System32\Wbem;C:\WINDOWS\System32\WindowsPowerShell\v1.0\;C:\Program Files\Git\cmd;C:\Program Files (x86)\Microsoft Emulator Manager\1.0\;C:\WINDOWS\System32\OpenSSH\;C:\Users\Marco Antonio\AppData\Local\Android\Sdk\platform-tools\adb.exe;C:\Users\Marco Antonio\AppData\Local\Programs\Fiddler;%USERPROFILE%\AppData\Local\Microsoft\WindowsApps;
USERNAME=Marco Antonio
OS=Windows_NT
PROCESSOR_IDENTIFIER=AMD64 Family 23 Model 8 Stepping 2, AuthenticAMD



---------------  S Y S T E M  ---------------

OS: Windows 10.0 , 64 bit Build 17763 (10.0.17763.475)

CPU:total 16 (initial active 16) (16 cores per cpu, 1 threads per core) family 23 model 8 stepping 2, cmov, cx8, fxsr, mmx, sse, sse2, sse3, ssse3, sse4.1, sse4.2, popcnt, avx, avx2, aes, clmul, mmxext, 3dnowpref, lzcnt, sse4a, tsc, tscinvbit, tscinv, bmi1

Memory: 4k page, physical 16712244k(818280k free), swap 25100852k(5224k free)

vm_info: OpenJDK 64-Bit Server VM (25.202-b03) for windows-amd64 JRE (1.8.0_202-release-1483-b03), built by "builder" with MS VC++ 10.0 (VS2010)

time: Wed Oct 23 11:36:47 2019
timezone: Hora de verano central (México)
elapsed time: 3 seconds (0d 0h 0m 3s)

