#
# There is insufficient memory for the Java Runtime Environment to continue.
# Native memory allocation (malloc) failed to allocate 92752 bytes for Chunk::new
# Possible reasons:
#   The system is out of physical RAM or swap space
#   The process is running with CompressedOops enabled, and the Java Heap may be blocking the growth of the native heap
# Possible solutions:
#   Reduce memory load on the system
#   Increase physical memory or swap space
#   Check if swap backing store is full
#   Decrease Java heap size (-Xmx/-Xms)
#   Decrease number of Java threads
#   Decrease Java thread stack sizes (-Xss)
#   Set larger code cache with -XX:ReservedCodeCacheSize=
#   JVM is running with Unscaled Compressed Oops mode in which the Java heap is
#     placed in the first 4GB address space. The Java Heap base address is the
#     maximum limit for the native heap growth. Please use -XX:HeapBaseMinAddress
#     to set the Java Heap base and to place the Java Heap above 4GB virtual address.
# This output file may be truncated or incomplete.
#
#  Out of Memory Error (allocation.cpp:389), pid=13976, tid=0x0000000000004010
#
# JRE version: OpenJDK Runtime Environment (8.0_202-b03) (build 1.8.0_202-release-1483-b03)
# Java VM: OpenJDK 64-Bit Server VM (25.202-b03 mixed mode windows-amd64 compressed oops)
# Failed to write core dump. Minidumps are not enabled by default on client versions of Windows
#

---------------  T H R E A D  ---------------

Current thread (0x000000001860a800):  JavaThread "C2 CompilerThread5" daemon [_thread_in_native, id=16400, stack(0x000000001a780000,0x000000001a880000)]

Stack: [0x000000001a780000,0x000000001a880000]
[error occurred during error reporting (printing stack bounds), id 0xc0000005]

Native frames: (J=compiled Java code, j=interpreted, Vv=VM code, C=native code)


Current CompileTask:
C2:   4749 6154       4       org.jetbrains.kotlin.load.kotlin.JvmDescriptorTypeWriter::writeJvmTypeAsIs (76 bytes)


---------------  P R O C E S S  ---------------

Java Threads: ( => current thread )
  0x000000001b643000 JavaThread "RMI RenewClean-[127.0.0.1:50231,org.jetbrains.kotlin.daemon.common.LoopbackNetworkInterface$ClientLoopbackSocketFactory@4e694765]" daemon [_thread_blocked, id=13428, stack(0x000000001c720000,0x000000001c820000)]
  0x000000001b506800 JavaThread "RMI TCP Connection(2)-127.0.0.1" daemon [_thread_in_Java, id=11328, stack(0x000000001c620000,0x000000001c720000)]
  0x000000001b526800 JavaThread "RMI Scheduler(0)" daemon [_thread_blocked, id=15952, stack(0x000000001c520000,0x000000001c620000)]
  0x000000001b507800 JavaThread "RMI TCP Connection(1)-127.0.0.1" daemon [_thread_in_native, id=7988, stack(0x000000001c420000,0x000000001c520000)]
  0x0000000002793000 JavaThread "DestroyJavaVM" [_thread_blocked, id=6260, stack(0x0000000002600000,0x0000000002700000)]
  0x000000001b4ca000 JavaThread "GC Daemon" daemon [_thread_blocked, id=16360, stack(0x000000001bfc0000,0x000000001c0c0000)]
  0x000000001b492800 JavaThread "RMI Reaper" [_thread_blocked, id=14948, stack(0x000000001bec0000,0x000000001bfc0000)]
  0x000000001b3d6800 JavaThread "Timer-0" daemon [_thread_blocked, id=2696, stack(0x000000001bcc0000,0x000000001bdc0000)]
  0x000000001b3d5000 JavaThread "RMI TCP Accept-17831" daemon [_thread_in_native, id=9956, stack(0x000000001bbc0000,0x000000001bcc0000)]
  0x00000000186ef800 JavaThread "Service Thread" daemon [_thread_blocked, id=6876, stack(0x000000001ae80000,0x000000001af80000)]
  0x000000001860d800 JavaThread "C1 CompilerThread11" daemon [_thread_blocked, id=9680, stack(0x000000001ad80000,0x000000001ae80000)]
  0x000000001860d000 JavaThread "C1 CompilerThread10" daemon [_thread_blocked, id=4188, stack(0x000000001ac80000,0x000000001ad80000)]
  0x000000001860c000 JavaThread "C1 CompilerThread9" daemon [_thread_blocked, id=13092, stack(0x000000001ab80000,0x000000001ac80000)]
  0x000000001860b800 JavaThread "C1 CompilerThread8" daemon [_thread_blocked, id=8416, stack(0x000000001aa80000,0x000000001ab80000)]
  0x000000001860e800 JavaThread "C2 CompilerThread7" daemon [_thread_in_native, id=8616, stack(0x000000001a980000,0x000000001aa80000)]
  0x0000000018610000 JavaThread "C2 CompilerThread6" daemon [_thread_in_native, id=16812, stack(0x000000001a880000,0x000000001a980000)]
=>0x000000001860a800 JavaThread "C2 CompilerThread5" daemon [_thread_in_native, id=16400, stack(0x000000001a780000,0x000000001a880000)]
  0x0000000018606000 JavaThread "C2 CompilerThread4" daemon [_thread_in_native, id=14856, stack(0x000000001a680000,0x000000001a780000)]
  0x0000000018601800 JavaThread "C2 CompilerThread3" daemon [_thread_in_native, id=11572, stack(0x000000001a580000,0x000000001a680000)]
  0x00000000185ff000 JavaThread "C2 CompilerThread2" daemon [_thread_in_native, id=10156, stack(0x000000001a480000,0x000000001a580000)]
  0x00000000185fe000 JavaThread "C2 CompilerThread1" daemon [_thread_in_native, id=7780, stack(0x000000001a380000,0x000000001a480000)]
  0x00000000185fb800 JavaThread "C2 CompilerThread0" daemon [_thread_in_native, id=12504, stack(0x000000001a280000,0x000000001a380000)]
  0x00000000185fb000 JavaThread "Attach Listener" daemon [_thread_blocked, id=16844, stack(0x000000001a180000,0x000000001a280000)]
  0x00000000185f4000 JavaThread "Signal Dispatcher" daemon [_thread_blocked, id=7280, stack(0x000000001a080000,0x000000001a180000)]
  0x0000000016b51800 JavaThread "Finalizer" daemon [_thread_blocked, id=16520, stack(0x0000000019e60000,0x0000000019f60000)]
  0x00000000185e6000 JavaThread "Reference Handler" daemon [_thread_blocked, id=18472, stack(0x0000000019d60000,0x0000000019e60000)]

Other Threads:
  0x00000000185c2800 VMThread [stack: 0x0000000019c60000,0x0000000019d60000] [id=13460]
  0x00000000186cc800 WatcherThread [stack: 0x000000001af80000,0x000000001b080000] [id=15856]

VM state:not at safepoint (normal execution)

VM Mutex/Monitor currently owned by a thread: None

heap address: 0x00000000a0000000, size: 1536 MB, Compressed Oops mode: 32-bit
Narrow klass base: 0x0000000000000000, Narrow klass shift: 3
Compressed class space size: 1073741824 Address: 0x0000000100000000

Heap:
 PSYoungGen      total 141824K, used 60111K [0x00000000e0000000, 0x00000000e9980000, 0x0000000100000000)
  eden space 131072K, 37% used [0x00000000e0000000,0x00000000e3039cf0,0x00000000e8000000)
  from space 10752K, 99% used [0x00000000e8f00000,0x00000000e997a190,0x00000000e9980000)
  to   space 10752K, 0% used [0x00000000e8000000,0x00000000e8000000,0x00000000e8a80000)
 ParOldGen       total 110592K, used 37919K [0x00000000a0000000, 0x00000000a6c00000, 0x00000000e0000000)
  object space 110592K, 34% used [0x00000000a0000000,0x00000000a2507fc0,0x00000000a6c00000)
 Metaspace       used 52985K, capacity 54005K, committed 54360K, reserved 1097728K
  class space    used 6673K, capacity 6929K, committed 7040K, reserved 1048576K

Card table byte_map: [0x0000000011c50000,0x0000000011f60000] byte_map_base: 0x0000000011750000

Marking Bits: (ParMarkBitMap*) 0x000000005f8d9f30
 Begin Bits: [0x0000000012e60000, 0x0000000014660000)
 End Bits:   [0x0000000014660000, 0x0000000015e60000)

Polling page: 0x0000000000870000

CodeCache: size=245760Kb used=22075Kb max_used=22089Kb free=223684Kb
 bounds [0x0000000002890000, 0x0000000003e40000, 0x0000000011890000]
 total_blobs=6671 nmethods=6145 adapters=437
 compilation: enabled

Compilation events (10 events):
Event: 4.737 Thread 0x0000000018610000 nmethod 6155 0x0000000003e27650 code [0x0000000003e277c0, 0x0000000003e27b78]
Event: 4.737 Thread 0x000000001860e800 6157       4       kotlin.sequences.DropSequence$iterator$1::drop (45 bytes)
Event: 4.737 Thread 0x0000000018610000 6158       4       kotlin.sequences.FlatteningSequence::iterator (12 bytes)
Event: 4.739 Thread 0x0000000018610000 nmethod 6158 0x0000000003e25a50 code [0x0000000003e25bc0, 0x0000000003e25db8]
Event: 4.739 Thread 0x0000000018610000 6159       4       org.jetbrains.kotlin.codegen.coroutines.CoroutineCodegenUtilKt::isSuspendFunctionNotSuspensionView (45 bytes)
Event: 4.741 Thread 0x0000000018610000 nmethod 6159 0x0000000003e27290 code [0x0000000003e273e0, 0x0000000003e274f8]
Event: 4.742 Thread 0x0000000018610000 6160       4       org.jetbrains.kotlin.codegen.state.KotlinTypeMapper$1::preprocessType (29 bytes)
Event: 4.742 Thread 0x0000000018610000 nmethod 6160 0x0000000003df48d0 code [0x0000000003df4a00, 0x0000000003df4a98]
Event: 4.743 Thread 0x0000000018610000 6161       4       org.jetbrains.kotlin.codegen.state.KotlinTypeMapper$$Lambda$112/375304347::invoke (24 bytes)
Event: 4.747 Thread 0x000000001860c000 6164       1       java.util.Collections$2::estimateSize (5 bytes)

GC Heap History (10 events):
Event: 1.563 GC heap before
{Heap before GC invocations=5 (full 2):
 PSYoungGen      total 76288K, used 6339K [0x00000000e0000000, 0x00000000e9500000, 0x0000000100000000)
  eden space 65536K, 0% used [0x00000000e0000000,0x00000000e0000000,0x00000000e4000000)
  from space 10752K, 58% used [0x00000000e4000000,0x00000000e4630cb8,0x00000000e4a80000)
  to   space 10752K, 0% used [0x00000000e8a80000,0x00000000e8a80000,0x00000000e9500000)
 ParOldGen       total 175104K, used 5550K [0x00000000a0000000, 0x00000000aab00000, 0x00000000e0000000)
  object space 175104K, 3% used [0x00000000a0000000,0x00000000a056b878,0x00000000aab00000)
 Metaspace       used 20751K, capacity 21136K, committed 21248K, reserved 1069056K
  class space    used 2446K, capacity 2550K, committed 2560K, reserved 1048576K
Event: 1.599 GC heap after
Heap after GC invocations=5 (full 2):
 PSYoungGen      total 76288K, used 0K [0x00000000e0000000, 0x00000000e9500000, 0x0000000100000000)
  eden space 65536K, 0% used [0x00000000e0000000,0x00000000e0000000,0x00000000e4000000)
  from space 10752K, 0% used [0x00000000e4000000,0x00000000e4000000,0x00000000e4a80000)
  to   space 10752K, 0% used [0x00000000e8a80000,0x00000000e8a80000,0x00000000e9500000)
 ParOldGen       total 110592K, used 7513K [0x00000000a0000000, 0x00000000a6c00000, 0x00000000e0000000)
  object space 110592K, 6% used [0x00000000a0000000,0x00000000a0756610,0x00000000a6c00000)
 Metaspace       used 20751K, capacity 21136K, committed 21248K, reserved 1069056K
  class space    used 2446K, capacity 2550K, committed 2560K, reserved 1048576K
}
Event: 2.265 GC heap before
{Heap before GC invocations=6 (full 2):
 PSYoungGen      total 76288K, used 65505K [0x00000000e0000000, 0x00000000e9500000, 0x0000000100000000)
  eden space 65536K, 99% used [0x00000000e0000000,0x00000000e3ff8720,0x00000000e4000000)
  from space 10752K, 0% used [0x00000000e4000000,0x00000000e4000000,0x00000000e4a80000)
  to   space 10752K, 0% used [0x00000000e8a80000,0x00000000e8a80000,0x00000000e9500000)
 ParOldGen       total 110592K, used 7513K [0x00000000a0000000, 0x00000000a6c00000, 0x00000000e0000000)
  object space 110592K, 6% used [0x00000000a0000000,0x00000000a0756610,0x00000000a6c00000)
 Metaspace       used 30014K, capacity 30612K, committed 30976K, reserved 1077248K
  class space    used 3860K, capacity 4034K, committed 4096K, reserved 1048576K
Event: 2.274 GC heap after
Heap after GC invocations=6 (full 2):
 PSYoungGen      total 104960K, used 10739K [0x00000000e0000000, 0x00000000e9500000, 0x0000000100000000)
  eden space 94208K, 0% used [0x00000000e0000000,0x00000000e0000000,0x00000000e5c00000)
  from space 10752K, 99% used [0x00000000e8a80000,0x00000000e94fcea0,0x00000000e9500000)
  to   space 10752K, 0% used [0x00000000e8000000,0x00000000e8000000,0x00000000e8a80000)
 ParOldGen       total 110592K, used 11268K [0x00000000a0000000, 0x00000000a6c00000, 0x00000000e0000000)
  object space 110592K, 10% used [0x00000000a0000000,0x00000000a0b01328,0x00000000a6c00000)
 Metaspace       used 30014K, capacity 30612K, committed 30976K, reserved 1077248K
  class space    used 3860K, capacity 4034K, committed 4096K, reserved 1048576K
}
Event: 2.630 GC heap before
{Heap before GC invocations=7 (full 2):
 PSYoungGen      total 104960K, used 45972K [0x00000000e0000000, 0x00000000e9500000, 0x0000000100000000)
  eden space 94208K, 37% used [0x00000000e0000000,0x00000000e22682f8,0x00000000e5c00000)
  from space 10752K, 99% used [0x00000000e8a80000,0x00000000e94fcea0,0x00000000e9500000)
  to   space 10752K, 0% used [0x00000000e8000000,0x00000000e8000000,0x00000000e8a80000)
 ParOldGen       total 110592K, used 11268K [0x00000000a0000000, 0x00000000a6c00000, 0x00000000e0000000)
  object space 110592K, 10% used [0x00000000a0000000,0x00000000a0b01328,0x00000000a6c00000)
 Metaspace       used 34642K, capacity 35150K, committed 35416K, reserved 1079296K
  class space    used 4473K, capacity 4647K, committed 4736K, reserved 1048576K
Event: 2.642 GC heap after
Heap after GC invocations=7 (full 2):
 PSYoungGen      total 141824K, used 10749K [0x00000000e0000000, 0x00000000e9980000, 0x0000000100000000)
  eden space 131072K, 0% used [0x00000000e0000000,0x00000000e0000000,0x00000000e8000000)
  from space 10752K, 99% used [0x00000000e8000000,0x00000000e8a7f598,0x00000000e8a80000)
  to   space 10752K, 0% used [0x00000000e8f00000,0x00000000e8f00000,0x00000000e9980000)
 ParOldGen       total 110592K, used 15037K [0x00000000a0000000, 0x00000000a6c00000, 0x00000000e0000000)
  object space 110592K, 13% used [0x00000000a0000000,0x00000000a0eaf780,0x00000000a6c00000)
 Metaspace       used 34642K, capacity 35150K, committed 35416K, reserved 1079296K
  class space    used 4473K, capacity 4647K, committed 4736K, reserved 1048576K
}
Event: 2.642 GC heap before
{Heap before GC invocations=8 (full 3):
 PSYoungGen      total 141824K, used 10749K [0x00000000e0000000, 0x00000000e9980000, 0x0000000100000000)
  eden space 131072K, 0% used [0x00000000e0000000,0x00000000e0000000,0x00000000e8000000)
  from space 10752K, 99% used [0x00000000e8000000,0x00000000e8a7f598,0x00000000e8a80000)
  to   space 10752K, 0% used [0x00000000e8f00000,0x00000000e8f00000,0x00000000e9980000)
 ParOldGen       total 110592K, used 15037K [0x00000000a0000000, 0x00000000a6c00000, 0x00000000e0000000)
  object space 110592K, 13% used [0x00000000a0000000,0x00000000a0eaf780,0x00000000a6c00000)
 Metaspace       used 34642K, capacity 35150K, committed 35416K, reserved 1079296K
  class space    used 4473K, capacity 4647K, committed 4736K, reserved 1048576K
Event: 2.727 GC heap after
Heap after GC invocations=8 (full 3):
 PSYoungGen      total 141824K, used 0K [0x00000000e0000000, 0x00000000e9980000, 0x0000000100000000)
  eden space 131072K, 0% used [0x00000000e0000000,0x00000000e0000000,0x00000000e8000000)
  from space 10752K, 0% used [0x00000000e8000000,0x00000000e8000000,0x00000000e8a80000)
  to   space 10752K, 0% used [0x00000000e8f00000,0x00000000e8f00000,0x00000000e9980000)
 ParOldGen       total 110592K, used 20188K [0x00000000a0000000, 0x00000000a6c00000, 0x00000000e0000000)
  object space 110592K, 18% used [0x00000000a0000000,0x00000000a13b7140,0x00000000a6c00000)
 Metaspace       used 34642K, capacity 35150K, committed 35416K, reserved 1079296K
  class space    used 4473K, capacity 4647K, committed 4736K, reserved 1048576K
}
Event: 4.165 GC heap before
{Heap before GC invocations=9 (full 3):
 PSYoungGen      total 141824K, used 131072K [0x00000000e0000000, 0x00000000e9980000, 0x0000000100000000)
  eden space 131072K, 100% used [0x00000000e0000000,0x00000000e8000000,0x00000000e8000000)
  from space 10752K, 0% used [0x00000000e8000000,0x00000000e8000000,0x00000000e8a80000)
  to   space 10752K, 0% used [0x00000000e8f00000,0x00000000e8f00000,0x00000000e9980000)
 ParOldGen       total 110592K, used 20188K [0x00000000a0000000, 0x00000000a6c00000, 0x00000000e0000000)
  object space 110592K, 18% used [0x00000000a0000000,0x00000000a13b7140,0x00000000a6c00000)
 Metaspace       used 46416K, capacity 47283K, committed 47576K, reserved 1091584K
  class space    used 5927K, capacity 6132K, committed 6144K, reserved 1048576K
Event: 4.185 GC heap after
Heap after GC invocations=9 (full 3):
 PSYoungGen      total 141824K, used 10728K [0x00000000e0000000, 0x00000000e9980000, 0x0000000100000000)
  eden space 131072K, 0% used [0x00000000e0000000,0x00000000e0000000,0x00000000e8000000)
  from space 10752K, 99% used [0x00000000e8f00000,0x00000000e997a190,0x00000000e9980000)
  to   space 10752K, 0% used [0x00000000e8000000,0x00000000e8000000,0x00000000e8a80000)
 ParOldGen       total 110592K, used 37919K [0x00000000a0000000, 0x00000000a6c00000, 0x00000000e0000000)
  object space 110592K, 34% used [0x00000000a0000000,0x00000000a2507fc0,0x00000000a6c00000)
 Metaspace       used 46416K, capacity 47283K, committed 47576K, reserved 1091584K
  class space    used 5927K, capacity 6132K, committed 6144K, reserved 1048576K
}

Deoptimization events (10 events):
Event: 4.626 Thread 0x000000001b506800 Uncommon trap: reason=bimorphic action=maybe_recompile pc=0x0000000003d0cbd0 method=org.jetbrains.kotlin.resolve.calls.callResolverUtil.CallResolverUtilKt.isOrOverridesSynthesized(Lorg/jetbrains/kotlin/descriptors/CallableMemberDescriptor;)Z @ 8
Event: 4.626 Thread 0x000000001b506800 Uncommon trap: reason=bimorphic action=maybe_recompile pc=0x0000000003d0cbd0 method=org.jetbrains.kotlin.resolve.calls.callResolverUtil.CallResolverUtilKt.isOrOverridesSynthesized(Lorg/jetbrains/kotlin/descriptors/CallableMemberDescriptor;)Z @ 8
Event: 4.626 Thread 0x000000001b506800 Uncommon trap: reason=bimorphic action=maybe_recompile pc=0x0000000003d0cbd0 method=org.jetbrains.kotlin.resolve.calls.callResolverUtil.CallResolverUtilKt.isOrOverridesSynthesized(Lorg/jetbrains/kotlin/descriptors/CallableMemberDescriptor;)Z @ 8
Event: 4.628 Thread 0x000000001b506800 Uncommon trap: reason=class_check action=maybe_recompile pc=0x0000000003815ed4 method=org.jetbrains.kotlin.serialization.deserialization.descriptors.DeserializedMemberScope.getContributedClassifier(Lorg/jetbrains/kotlin/name/Name;Lorg/jetbrains/kotlin/inc
Event: 4.628 Thread 0x000000001b506800 Uncommon trap: reason=class_check action=maybe_recompile pc=0x0000000003815ed4 method=org.jetbrains.kotlin.serialization.deserialization.descriptors.DeserializedMemberScope.getContributedClassifier(Lorg/jetbrains/kotlin/name/Name;Lorg/jetbrains/kotlin/inc
Event: 4.648 Thread 0x000000001b506800 Uncommon trap: reason=unstable_if action=reinterpret pc=0x0000000003d5c2d0 method=org.jetbrains.kotlin.resolve.MemberComparator$NameAndTypeMemberComparator.getDeclarationPriority(Lorg/jetbrains/kotlin/descriptors/DeclarationDescriptor;)I @ 24
Event: 4.651 Thread 0x000000001b506800 Uncommon trap: reason=class_check action=maybe_recompile pc=0x0000000003820d98 method=org.jetbrains.kotlin.serialization.deserialization.descriptors.DeserializedPackageMemberScope.hasClass(Lorg/jetbrains/kotlin/name/Name;)Z @ 26
Event: 4.652 Thread 0x000000001b506800 Uncommon trap: reason=bimorphic action=maybe_recompile pc=0x00000000037458c8 method=kotlin.collections.CollectionsKt___CollectionsKt.toList(Ljava/lang/Iterable;)Ljava/util/List; @ 71
Event: 4.652 Thread 0x000000001b506800 Uncommon trap: reason=unstable_if action=reinterpret pc=0x00000000039cc1e4 method=org.jetbrains.kotlin.protobuf.SmallSortedMap.entrySet()Ljava/util/Set; @ 4
Event: 4.652 Thread 0x000000001b506800 Uncommon trap: reason=unstable_if action=reinterpret pc=0x00000000035737b8 method=org.jetbrains.kotlin.protobuf.SmallSortedMap.entrySet()Ljava/util/Set; @ 4

Classes redefined (0 events):
No events

Internal exceptions (10 events):
Event: 4.082 Thread 0x000000001b506800 Exception <a 'java/lang/NoSuchMethodError': java.lang.Object.lambda$static$0(I)[Lorg/jetbrains/kotlin/com/intellij/psi/PsiTypeElement;> (0x00000000e7a7f168) thrown at [D:\src\AOSP-openjdk-cygwin\jdk8u\hotspot\src\share\vm\interpreter\linkResolver.cpp, lin
Event: 4.157 Thread 0x000000001b506800 Exception <a 'java/lang/NoSuchMethodError': java.lang.Object.lambda$static$0(I)[Lorg/jetbrains/kotlin/com/intellij/psi/PsiTypeParameter;> (0x00000000e7faabb0) thrown at [D:\src\AOSP-openjdk-cygwin\jdk8u\hotspot\src\share\vm\interpreter\linkResolver.cpp, l
Event: 4.191 Thread 0x000000001b506800 Exception <a 'java/lang/NoSuchMethodError': java.lang.Object.lambda$static$0(I)[Lorg/jetbrains/kotlin/com/intellij/psi/PsiMethod;> (0x00000000e0034d00) thrown at [D:\src\AOSP-openjdk-cygwin\jdk8u\hotspot\src\share\vm\interpreter\linkResolver.cpp, line 620
Event: 4.192 Thread 0x000000001b506800 Exception <a 'java/lang/NoSuchMethodError': java.lang.Object.lambda$static$0(I)[Lorg/jetbrains/kotlin/com/intellij/psi/PsiField;> (0x00000000e003fd40) thrown at [D:\src\AOSP-openjdk-cygwin\jdk8u\hotspot\src\share\vm\interpreter\linkResolver.cpp, line 620]
Event: 4.208 Thread 0x000000001b506800 Exception <a 'java/lang/NoSuchMethodError': java.lang.Object.lambda$static$0(I)[Lorg/jetbrains/kotlin/com/intellij/psi/PsiJavaCodeReferenceElement;> (0x00000000e00c9f30) thrown at [D:\src\AOSP-openjdk-cygwin\jdk8u\hotspot\src\share\vm\interpreter\linkReso
Event: 4.279 Thread 0x000000001b506800 Implicit null exception at 0x0000000003a9aa0c to 0x0000000003a9aac1
Event: 4.305 Thread 0x000000001b506800 Implicit null exception at 0x0000000002d0ecd5 to 0x0000000002d0eea5
Event: 4.307 Thread 0x000000001b506800 Implicit null exception at 0x00000000033659cc to 0x0000000003365a26
Event: 4.449 Thread 0x000000001b506800 Exception <a 'java/lang/NoSuchMethodError': java.lang.Object.lambda$static$0(Ljava/lang/Throwable;Ljava/lang/String;)V> (0x00000000e12c4ff0) thrown at [D:\src\AOSP-openjdk-cygwin\jdk8u\hotspot\src\share\vm\interpreter\linkResolver.cpp, line 620]
Event: 4.574 Thread 0x000000001b506800 Exception <a 'java/lang/NoSuchMethodError': java.lang.Object.lambda$static$0(Lorg/jetbrains/kotlin/descriptors/ValueParameterDescriptor;Lorg/jetbrains/kotlin/codegen/ExpressionCodegen;)Lorg/jetbrains/kotlin/codegen/StackValue;> (0x00000000e1bbd7a0) thrown

Events (10 events):
Event: 4.656 loading class org/jetbrains/kotlin/codegen/state/BuilderFactoryForDuplicateSignatureDiagnosticsKt
Event: 4.656 loading class org/jetbrains/kotlin/codegen/state/BuilderFactoryForDuplicateSignatureDiagnosticsKt done
Event: 4.657 loading class org/jetbrains/kotlin/codegen/state/BuilderFactoryForDuplicateSignatureDiagnostics$groupMembersDescriptorsBySignature$1
Event: 4.657 loading class org/jetbrains/kotlin/codegen/state/BuilderFactoryForDuplicateSignatureDiagnostics$groupMembersDescriptorsBySignature$1 done
Event: 4.657 loading class org/jetbrains/kotlin/resolve/descriptorUtil/DescriptorUtilsKt$overriddenTreeUniqueAsSequence$1
Event: 4.657 loading class org/jetbrains/kotlin/resolve/descriptorUtil/DescriptorUtilsKt$overriddenTreeUniqueAsSequence$1 done
Event: 4.658 loading class org/jetbrains/kotlin/resolve/descriptorUtil/DescriptorUtilsKt$overriddenTreeUniqueAsSequence$1$doBuildOverriddenTreeAsSequence$$inlined$with$lambda$1
Event: 4.658 loading class org/jetbrains/kotlin/resolve/descriptorUtil/DescriptorUtilsKt$overriddenTreeUniqueAsSequence$1$doBuildOverriddenTreeAsSequence$$inlined$with$lambda$1 done
Event: 4.669 Executing VM operation: ForceSafepoint
Event: 4.669 Executing VM operation: ForceSafepoint done


Dynamic libraries:
0x00007ff6f69e0000 - 0x00007ff6f6a11000 	C:\Program Files\Android\Android Studio\jre\jre\bin\java.exe
0x00007ff9f2e50000 - 0x00007ff9f303d000 	C:\WINDOWS\SYSTEM32\ntdll.dll
0x00007ff9f20e0000 - 0x00007ff9f2193000 	C:\WINDOWS\System32\KERNEL32.DLL
0x00007ff9efc20000 - 0x00007ff9efeb3000 	C:\WINDOWS\System32\KERNELBASE.dll
0x00007ff9f15f0000 - 0x00007ff9f1693000 	C:\WINDOWS\System32\ADVAPI32.dll
0x00007ff9f2250000 - 0x00007ff9f22ee000 	C:\WINDOWS\System32\msvcrt.dll
0x00007ff9f2b90000 - 0x00007ff9f2c2e000 	C:\WINDOWS\System32\sechost.dll
0x00007ff9f2c30000 - 0x00007ff9f2d52000 	C:\WINDOWS\System32\RPCRT4.dll
0x00007ff9f17e0000 - 0x00007ff9f1977000 	C:\WINDOWS\System32\USER32.dll
0x00007ff9eefc0000 - 0x00007ff9eefe0000 	C:\WINDOWS\System32\win32u.dll
0x00007ff9f20b0000 - 0x00007ff9f20d9000 	C:\WINDOWS\System32\GDI32.dll
0x00007ff9ef9c0000 - 0x00007ff9efb59000 	C:\WINDOWS\System32\gdi32full.dll
0x00007ff9efb80000 - 0x00007ff9efc20000 	C:\WINDOWS\System32\msvcp_win.dll
0x00007ff9eff70000 - 0x00007ff9f006a000 	C:\WINDOWS\System32\ucrtbase.dll
0x00007ff9e3270000 - 0x00007ff9e34e9000 	C:\WINDOWS\WinSxS\amd64_microsoft.windows.common-controls_6595b64144ccf1df_6.0.17763.802_none_05b1445c0722d2cc\COMCTL32.dll
0x00007ff9f19f0000 - 0x00007ff9f1d1c000 	C:\WINDOWS\System32\combase.dll
0x00007ff9ef1f0000 - 0x00007ff9ef26e000 	C:\WINDOWS\System32\bcryptPrimitives.dll
0x00007ff9f2d60000 - 0x00007ff9f2d8e000 	C:\WINDOWS\System32\IMM32.DLL
0x0000000060e20000 - 0x0000000060ef2000 	C:\Program Files\Android\Android Studio\jre\jre\bin\msvcr100.dll
0x000000005f110000 - 0x000000005f956000 	C:\Program Files\Android\Android Studio\jre\jre\bin\server\jvm.dll
0x00007ff9f2d90000 - 0x00007ff9f2d98000 	C:\WINDOWS\System32\PSAPI.DLL
0x00007ff9dcb10000 - 0x00007ff9dcb19000 	C:\WINDOWS\SYSTEM32\WSOCK32.dll
0x00007ff9e9080000 - 0x00007ff9e908a000 	C:\WINDOWS\SYSTEM32\VERSION.dll
0x00007ff9ecfd0000 - 0x00007ff9ecff4000 	C:\WINDOWS\SYSTEM32\WINMM.dll
0x00007ff9f1770000 - 0x00007ff9f17dd000 	C:\WINDOWS\System32\WS2_32.dll
0x00007ff9ece80000 - 0x00007ff9ecead000 	C:\WINDOWS\SYSTEM32\WINMMBASE.dll
0x00007ff9efec0000 - 0x00007ff9eff0a000 	C:\WINDOWS\System32\cfgmgr32.dll
0x00007ff9eaf60000 - 0x00007ff9eaf6f000 	C:\Program Files\Android\Android Studio\jre\jre\bin\verify.dll
0x00007ff9e2850000 - 0x00007ff9e2879000 	C:\Program Files\Android\Android Studio\jre\jre\bin\java.dll
0x00007ff9e2830000 - 0x00007ff9e2846000 	C:\Program Files\Android\Android Studio\jre\jre\bin\zip.dll
0x00007ff9f0070000 - 0x00007ff9f1564000 	C:\WINDOWS\System32\SHELL32.dll
0x00007ff9f16a0000 - 0x00007ff9f1748000 	C:\WINDOWS\System32\shcore.dll
0x00007ff9ef270000 - 0x00007ff9ef9bd000 	C:\WINDOWS\System32\windows.storage.dll
0x00007ff9eee60000 - 0x00007ff9eee84000 	C:\WINDOWS\System32\profapi.dll
0x00007ff9eee90000 - 0x00007ff9eeeed000 	C:\WINDOWS\System32\powrprof.dll
0x00007ff9f22f0000 - 0x00007ff9f2342000 	C:\WINDOWS\System32\shlwapi.dll
0x00007ff9eeef0000 - 0x00007ff9eef01000 	C:\WINDOWS\System32\kernel.appcore.dll
0x00007ff9efb60000 - 0x00007ff9efb77000 	C:\WINDOWS\System32\cryptsp.dll
0x00007ff9eade0000 - 0x00007ff9eaded000 	C:\Program Files\Android\Android Studio\jre\jre\bin\management.dll
0x00007ff9df9d0000 - 0x00007ff9df9ea000 	C:\Program Files\Android\Android Studio\jre\jre\bin\net.dll
0x00007ff9ee6b0000 - 0x00007ff9ee717000 	C:\WINDOWS\system32\mswsock.dll
0x00007ff9df9b0000 - 0x00007ff9df9c1000 	C:\Program Files\Android\Android Studio\jre\jre\bin\nio.dll
0x00007ff9ee230000 - 0x00007ff9ee263000 	C:\WINDOWS\system32\rsaenh.dll
0x00007ff9ef1c0000 - 0x00007ff9ef1e6000 	C:\WINDOWS\System32\bcrypt.dll
0x00007ff9eed70000 - 0x00007ff9eed98000 	C:\WINDOWS\SYSTEM32\USERENV.dll
0x00007ff9ee880000 - 0x00007ff9ee88c000 	C:\WINDOWS\SYSTEM32\CRYPTBASE.dll
0x00007ff9ee3d0000 - 0x00007ff9ee40d000 	C:\WINDOWS\SYSTEM32\IPHLPAPI.DLL
0x00007ff9f27d0000 - 0x00007ff9f27d8000 	C:\WINDOWS\System32\NSI.dll
0x00007ff9ea4d0000 - 0x00007ff9ea4e6000 	C:\WINDOWS\SYSTEM32\dhcpcsvc6.DLL
0x00007ff9ea4b0000 - 0x00007ff9ea4cc000 	C:\WINDOWS\SYSTEM32\dhcpcsvc.DLL
0x00007ff9ee410000 - 0x00007ff9ee4d6000 	C:\WINDOWS\SYSTEM32\DNSAPI.dll

VM Arguments:
jvm_args: -Djava.awt.headless=true -Djava.rmi.server.hostname=127.0.0.1 -Xmx1536m -Dkotlin.environment.keepalive 
java_command: org.jetbrains.kotlin.daemon.KotlinCompileDaemon --daemon-runFilesPath C:\Users\Marco Antonio\AppData\Local\kotlin\daemon --daemon-autoshutdownIdleSeconds=7200 --daemon-compilerClasspath C:\Users\Marco Antonio\.gradle\caches\modules-2\files-2.1\org.jetbrains.kotlin\kotlin-compiler-embeddable\1.3.21\677cc9553b8964c895abc76da9b6a0faea8f671d\kotlin-compiler-embeddable-1.3.21.jar;C:\Users\Marco Antonio\.gradle\caches\modules-2\files-2.1\org.jetbrains.kotlin\kotlin-reflect\1.3.21\d0d5ff2ac2ebd8a42697af41e20fc225a23c5d3b\kotlin-reflect-1.3.21.jar;C:\Users\Marco Antonio\.gradle\caches\modules-2\files-2.1\org.jetbrains.kotlin\kotlin-stdlib\1.3.21\4bcc2012b84840e19e1e28074284cac908be0295\kotlin-stdlib-1.3.21.jar;C:\Users\Marco Antonio\.gradle\caches\modules-2\files-2.1\org.jetbrains.kotlin\kotlin-script-runtime\1.3.21\29363d474ee6fda354900636320a177c7286def9\kotlin-script-runtime-1.3.21.jar;C:\Users\Marco Antonio\.gradle\caches\modules-2\files-2.1\org.jetbrains.intellij.deps\trove4j\1.0.20181211\216c2e14b070f334479d800987affe4054cd563f\trove4j-1.0.20181211.jar;C:\Users\Marco Antonio\.gradle\caches\modules-2\files-2.1\org.jetbrains.kotlin\kotlin-stdlib-common\1.3.21\f30e4a9897913e53d778f564110bafa1fef46643\kotlin-stdlib-common-1.3.21.jar;C:\Users\Marco Antonio\.gradle\caches\modules-2\files-2.1\org.jetbrains\annotations\13.0\919f0dfe192fb4e063e7dacadee7f8bb9a2672a9\annotations-13.0.jar;C:\Program Files\Android\Android Studio\jre\lib\tools.jar
java_class_path (initial): C:\Users\Marco Antonio\.gradle\caches\modules-2\files-2.1\org.jetbrains.kotlin\kotlin-compiler-embeddable\1.3.21\677cc9553b8964c895abc76da9b6a0faea8f671d\kotlin-compiler-embeddable-1.3.21.jar;C:\Users\Marco Antonio\.gradle\caches\modules-2\files-2.1\org.jetbrains.kotlin\kotlin-reflect\1.3.21\d0d5ff2ac2ebd8a42697af41e20fc225a23c5d3b\kotlin-reflect-1.3.21.jar;C:\Users\Marco Antonio\.gradle\caches\modules-2\files-2.1\org.jetbrains.kotlin\kotlin-stdlib\1.3.21\4bcc2012b84840e19e1e28074284cac908be0295\kotlin-stdlib-1.3.21.jar;C:\Users\Marco Antonio\.gradle\caches\modules-2\files-2.1\org.jetbrains.kotlin\kotlin-script-runtime\1.3.21\29363d474ee6fda354900636320a177c7286def9\kotlin-script-runtime-1.3.21.jar;C:\Users\Marco Antonio\.gradle\caches\modules-2\files-2.1\org.jetbrains.intellij.deps\trove4j\1.0.20181211\216c2e14b070f334479d800987affe4054cd563f\trove4j-1.0.20181211.jar;C:\Users\Marco Antonio\.gradle\caches\modules-2\files-2.1\org.jetbrains.kotlin\kotlin-stdlib-common\1.3.21\f30e4a9897913e53d778f564110bafa1fef46643\kotlin-stdlib-common-1.3.21.jar;C:\Users\Marco Antonio\.gradle\caches\modules-2\files-2.1\org.jetbrains\annotations\13.0\919f0dfe192fb4e063e7dacadee7f8bb9a2672a9\annotations-13.0.jar;C:\Program Files\Android\Android Studio\jre\lib\tools.jar
Launcher Type: SUN_STANDARD

Environment Variables:
PATH=C:\WINDOWS\system32;C:\WINDOWS;C:\WINDOWS\System32\Wbem;C:\WINDOWS\System32\WindowsPowerShell\v1.0\;C:\Program Files\Git\cmd;C:\Program Files (x86)\Microsoft Emulator Manager\1.0\;C:\WINDOWS\System32\OpenSSH\;C:\Users\Marco Antonio\AppData\Local\Android\Sdk\platform-tools\adb.exe;C:\Users\Marco Antonio\AppData\Local\Programs\Fiddler;%USERPROFILE%\AppData\Local\Microsoft\WindowsApps;
USERNAME=Marco Antonio
OS=Windows_NT
PROCESSOR_IDENTIFIER=AMD64 Family 23 Model 8 Stepping 2, AuthenticAMD



---------------  S Y S T E M  ---------------

OS: Windows 10.0 , 64 bit Build 17763 (10.0.17763.475)

CPU:total 16 (initial active 16) (16 cores per cpu, 1 threads per core) family 23 model 8 stepping 2, cmov, cx8, fxsr, mmx, sse, sse2, sse3, ssse3, sse4.1, sse4.2, popcnt, avx, avx2, aes, clmul, mmxext, 3dnowpref, lzcnt, sse4a, tsc, tscinvbit, tscinv, bmi1

Memory: 4k page, physical 16712244k(739960k free), swap 25100852k(5772k free)

vm_info: OpenJDK 64-Bit Server VM (25.202-b03) for windows-amd64 JRE (1.8.0_202-release-1483-b03), built by "builder" with MS VC++ 10.0 (VS2010)

time: Wed Oct 23 11:36:40 2019
timezone: Hora de verano central (México)
elapsed time: 4 seconds (0d 0h 0m 4s)

